<?xml version="1.0" encoding="UTF-8"?>
<!-- Generated by org.testng.reporters.JUnitReportReporter -->
<testsuite skipped="0" hostname="Kanwar07" name="com.saucedemo.qa.test.loginPageTest" tests="2" failures="0" timestamp="23 Sep 2021 08:42:23 GMT" time="0.853" errors="0">
  <testcase name="loginpagetitletest" time="0.051" classname="com.saucedemo.qa.test.loginPageTest"/>
  <testcase name="dologinTest" time="0.802" classname="com.saucedemo.qa.test.loginPageTest"/>
</testsuite> <!-- com.saucedemo.qa.test.loginPageTest -->
