<?xml version="1.0" encoding="UTF-8"?>
<!-- Generated by org.testng.reporters.JUnitReportReporter -->
<testsuite skipped="0" hostname="Kanwar07" name="com.saucedemo.qa.test.CheckOutPageTest" tests="2" failures="0" timestamp="23 Sep 2021 08:42:23 GMT" time="1.059" errors="0">
  <testcase name="fillCheckOutInfoTest" time="0.781" classname="com.saucedemo.qa.test.CheckOutPageTest"/>
  <testcase name="checkCheckoutpreviewTest" time="0.278" classname="com.saucedemo.qa.test.CheckOutPageTest"/>
</testsuite> <!-- com.saucedemo.qa.test.CheckOutPageTest -->
