<?xml version="1.0" encoding="UTF-8"?>
<!-- Generated by org.testng.reporters.JUnitReportReporter -->
<testsuite skipped="0" hostname="Kanwar07" name="com.saucedemo.qa.test.AddtoCartPageTest" tests="2" failures="0" timestamp="23 Sep 2021 08:42:23 GMT" time="0.645" errors="0">
  <testcase name="getProductDetailsTest" time="0.178" classname="com.saucedemo.qa.test.AddtoCartPageTest"/>
  <testcase name="checkdoAddCart" time="0.467" classname="com.saucedemo.qa.test.AddtoCartPageTest"/>
</testsuite> <!-- com.saucedemo.qa.test.AddtoCartPageTest -->
