<?xml version="1.0" encoding="UTF-8"?>
<!-- Generated by org.testng.reporters.JUnitReportReporter -->
<testsuite skipped="0" hostname="Kanwar07" name="com.saucedemo.qa.base.BaseTest" tests="1" failures="0" timestamp="18 Sep 2021 12:32:32 GMT" time="6.318" errors="0">
  <testcase name="setup" time="6.318" classname="com.saucedemo.qa.base.BaseTest"/>
</testsuite> <!-- com.saucedemo.qa.base.BaseTest -->
